This file contains any messages produced by compilers while
running configure, to aid debugging if configure makes a mistake.

configure:538: checking for gcc
configure:615: checking whether the C compiler (arm-poky-linux-gnueabi-gcc  -march=armv7ve -mfpu=neon  -mfloat-abi=hard -mcpu=cortex-a7 --sysroot=/opt/esomimx7-x11/4.9.11-1.0.0/sysroots/cortexa7hf-neon-poky-linux-gnueabi  -O2 -pipe -g -feliminate-unused-debug-types  -Wl,-O1 -Wl,--hash-style=gnu -Wl,--as-needed) works
configure:629: arm-poky-linux-gnueabi-gcc  -march=armv7ve -mfpu=neon  -mfloat-abi=hard -mcpu=cortex-a7 --sysroot=/opt/esomimx7-x11/4.9.11-1.0.0/sysroots/cortexa7hf-neon-poky-linux-gnueabi -o conftest  -O2 -pipe -g -feliminate-unused-debug-types   -Wl,-O1 -Wl,--hash-style=gnu -Wl,--as-needed conftest.c  1>&5
configure:626:1: warning: return type defaults to 'int' [-Wimplicit-int]
 main(){return(0);}
 ^~~~
configure:649: checking whether the C compiler (arm-poky-linux-gnueabi-gcc  -march=armv7ve -mfpu=neon  -mfloat-abi=hard -mcpu=cortex-a7 --sysroot=/opt/esomimx7-x11/4.9.11-1.0.0/sysroots/cortexa7hf-neon-poky-linux-gnueabi  -O2 -pipe -g -feliminate-unused-debug-types  -Wl,-O1 -Wl,--hash-style=gnu -Wl,--as-needed) is a cross-compiler
configure:654: checking whether we are using GNU C
configure:663: arm-poky-linux-gnueabi-gcc  -march=armv7ve -mfpu=neon  -mfloat-abi=hard -mcpu=cortex-a7 --sysroot=/opt/esomimx7-x11/4.9.11-1.0.0/sysroots/cortexa7hf-neon-poky-linux-gnueabi -E conftest.c
configure:681: checking how to run the C preprocessor
configure:742: checking for function prototypes
configure:765: arm-poky-linux-gnueabi-gcc  -march=armv7ve -mfpu=neon  -mfloat-abi=hard -mcpu=cortex-a7 --sysroot=/opt/esomimx7-x11/4.9.11-1.0.0/sysroots/cortexa7hf-neon-poky-linux-gnueabi -c  -O2 -pipe -g -feliminate-unused-debug-types   conftest.c 1>&5
configure:792: checking for stddef.h
configure:828: checking for stdlib.h
configure:864: checking for string.h
configure:900: checking for size_t
configure:923: arm-poky-linux-gnueabi-gcc  -march=armv7ve -mfpu=neon  -mfloat-abi=hard -mcpu=cortex-a7 --sysroot=/opt/esomimx7-x11/4.9.11-1.0.0/sysroots/cortexa7hf-neon-poky-linux-gnueabi -c  -O2 -pipe -g -feliminate-unused-debug-types   conftest.c 1>&5
configure:994: checking for type unsigned char
configure:1003: arm-poky-linux-gnueabi-gcc  -march=armv7ve -mfpu=neon  -mfloat-abi=hard -mcpu=cortex-a7 --sysroot=/opt/esomimx7-x11/4.9.11-1.0.0/sysroots/cortexa7hf-neon-poky-linux-gnueabi -c  -O2 -pipe -g -feliminate-unused-debug-types   conftest.c 1>&5
configure:1018: checking for type unsigned short
configure:1027: arm-poky-linux-gnueabi-gcc  -march=armv7ve -mfpu=neon  -mfloat-abi=hard -mcpu=cortex-a7 --sysroot=/opt/esomimx7-x11/4.9.11-1.0.0/sysroots/cortexa7hf-neon-poky-linux-gnueabi -c  -O2 -pipe -g -feliminate-unused-debug-types   conftest.c 1>&5
configure:1042: checking for type void
configure:1072: arm-poky-linux-gnueabi-gcc  -march=armv7ve -mfpu=neon  -mfloat-abi=hard -mcpu=cortex-a7 --sysroot=/opt/esomimx7-x11/4.9.11-1.0.0/sysroots/cortexa7hf-neon-poky-linux-gnueabi -c  -O2 -pipe -g -feliminate-unused-debug-types   conftest.c 1>&5
configure:1088: checking for working const
configure:1142: arm-poky-linux-gnueabi-gcc  -march=armv7ve -mfpu=neon  -mfloat-abi=hard -mcpu=cortex-a7 --sysroot=/opt/esomimx7-x11/4.9.11-1.0.0/sysroots/cortexa7hf-neon-poky-linux-gnueabi -c  -O2 -pipe -g -feliminate-unused-debug-types   conftest.c 1>&5
configure:1163: checking for inline
configure:1174: arm-poky-linux-gnueabi-gcc  -march=armv7ve -mfpu=neon  -mfloat-abi=hard -mcpu=cortex-a7 --sysroot=/opt/esomimx7-x11/4.9.11-1.0.0/sysroots/cortexa7hf-neon-poky-linux-gnueabi -c  -O2 -pipe -g -feliminate-unused-debug-types   conftest.c 1>&5
configure:1224: checking for broken incomplete types
configure:1233: arm-poky-linux-gnueabi-gcc  -march=armv7ve -mfpu=neon  -mfloat-abi=hard -mcpu=cortex-a7 --sysroot=/opt/esomimx7-x11/4.9.11-1.0.0/sysroots/cortexa7hf-neon-poky-linux-gnueabi -c  -O2 -pipe -g -feliminate-unused-debug-types   conftest.c 1>&5
configure:1248: checking for short external names
configure:1260: arm-poky-linux-gnueabi-gcc  -march=armv7ve -mfpu=neon  -mfloat-abi=hard -mcpu=cortex-a7 --sysroot=/opt/esomimx7-x11/4.9.11-1.0.0/sysroots/cortexa7hf-neon-poky-linux-gnueabi -o conftest  -O2 -pipe -g -feliminate-unused-debug-types   -Wl,-O1 -Wl,--hash-style=gnu -Wl,--as-needed conftest.c  1>&5
configure:1275: checking to see if char is signed
configure:1323: checking to see if right shift is signed
configure:1375: checking to see if fopen accepts b spec
configure:1436: checking for a BSD compatible install
configure:1488: checking for ranlib
configure:1650: checking libjpeg version number
